<?xml version="1.0" encoding="UTF-8"?>
<!-- Generated by org.testng.reporters.JUnitXMLReporter -->
<testsuite ignored="0" hostname="DESKTOP-V0E91U8" failures="0" tests="5" name="Test" time="6.448" errors="0" timestamp="2022-06-01T15:20:25 IST">
  <testcase classname="Com.SaouceDemo.TestClass.TestBaseClass" name="@BeforeMethod setup" time="1.876">
    <failure type="org.openqa.selenium.SessionNotCreatedException" message="session not created: This version of ChromeDriver only supports Chrome version 100
Current browser version is 102.0.5005.63 with binary path C:\Program Files (x86)\Google\Chrome\Application\chrome.exe
Build info: version: &amp;apos;3.141.59&amp;apos;, revision: &amp;apos;e82be7d358&amp;apos;, time: &amp;apos;2018-11-14T08:17:03&amp;apos;
System info: host: &amp;apos;DESKTOP-V0E91U8&amp;apos;, ip: &amp;apos;192.168.1.9&amp;apos;, os.name: &amp;apos;Windows 10&amp;apos;, os.arch: &amp;apos;amd64&amp;apos;, os.version: &amp;apos;10.0&amp;apos;, java.version: &amp;apos;17.0.2&amp;apos;
Driver info: driver.version: ChromeDriver
remote stacktrace: Backtrace:
	Ordinal0 [0x00DC7413+2389011]
	Ordinal0 [0x00D59F61+1941345]
	Ordinal0 [0x00C4C658+837208]
	Ordinal0 [0x00C6C773+968563]
	Ordinal0 [0x00C6837A+951162]
	Ordinal0 [0x00C65C51+941137]
	Ordinal0 [0x00C98C80+1150080]
	Ordinal0 [0x00C988DA+1149146]
	Ordinal0 [0x00C93F66+1130342]
	Ordinal0 [0x00C6E546+976198]
	Ordinal0 [0x00C6F456+980054]
	GetHandleVerifier [0x00F79632+1727522]
	GetHandleVerifier [0x0102BA4D+2457661]
	GetHandleVerifier [0x00E5EB81+569713]
	GetHandleVerifier [0x00E5DD76+566118]
	Ordinal0 [0x00D60B2B+1968939]
	Ordinal0 [0x00D65988+1989000]
	Ordinal0 [0x00D65A75+1989237]
	Ordinal0 [0x00D6ECB1+2026673]
	BaseThreadInitThunk [0x76C3FA29+25]
	RtlGetAppContainerNamedObjectPath [0x776B7A7E+286]
	RtlGetAppContainerNamedObjectPath [0x776B7A4E+238]
">
      <![CDATA[org.openqa.selenium.SessionNotCreatedException: session not created: This version of ChromeDriver only supports Chrome version 100
Current browser version is 102.0.5005.63 with binary path C:\Program Files (x86)\Google\Chrome\Application\chrome.exe
Build info: version: '3.141.59', revision: 'e82be7d358', time: '2018-11-14T08:17:03'
System info: host: 'DESKTOP-V0E91U8', ip: '192.168.1.9', os.name: 'Windows 10', os.arch: 'amd64', os.version: '10.0', java.version: '17.0.2'
Driver info: driver.version: ChromeDriver
remote stacktrace: Backtrace:
Ordinal0 [0x00DC7413+2389011]
Ordinal0 [0x00D59F61+1941345]
Ordinal0 [0x00C4C658+837208]
Ordinal0 [0x00C6C773+968563]
Ordinal0 [0x00C6837A+951162]
Ordinal0 [0x00C65C51+941137]
Ordinal0 [0x00C98C80+1150080]
Ordinal0 [0x00C988DA+1149146]
Ordinal0 [0x00C93F66+1130342]
Ordinal0 [0x00C6E546+976198]
Ordinal0 [0x00C6F456+980054]
GetHandleVerifier [0x00F79632+1727522]
GetHandleVerifier [0x0102BA4D+2457661]
GetHandleVerifier [0x00E5EB81+569713]
GetHandleVerifier [0x00E5DD76+566118]
Ordinal0 [0x00D60B2B+1968939]
Ordinal0 [0x00D65988+1989000]
Ordinal0 [0x00D65A75+1989237]
Ordinal0 [0x00D6ECB1+2026673]
BaseThreadInitThunk [0x76C3FA29+25]
RtlGetAppContainerNamedObjectPath [0x776B7A7E+286]
RtlGetAppContainerNamedObjectPath [0x776B7A4E+238]

at org.openqa.selenium.remote.W3CHandshakeResponse.lambda$errorHandler$0(W3CHandshakeResponse.java:62)
at org.openqa.selenium.remote.HandshakeResponse.lambda$getResponseFunction$0(HandshakeResponse.java:30)
at org.openqa.selenium.remote.ProtocolHandshake.lambda$createSession$0(ProtocolHandshake.java:126)
at java.base/java.util.stream.ReferencePipeline$3$1.accept(ReferencePipeline.java:197)
at java.base/java.util.Spliterators$ArraySpliterator.tryAdvance(Spliterators.java:1002)
at java.base/java.util.stream.ReferencePipeline.forEachWithCancel(ReferencePipeline.java:129)
at java.base/java.util.stream.AbstractPipeline.copyIntoWithCancel(AbstractPipeline.java:527)
at java.base/java.util.stream.AbstractPipeline.copyInto(AbstractPipeline.java:513)
at java.base/java.util.stream.AbstractPipeline.wrapAndCopyInto(AbstractPipeline.java:499)
at java.base/java.util.stream.FindOps$FindOp.evaluateSequential(FindOps.java:150)
at java.base/java.util.stream.AbstractPipeline.evaluate(AbstractPipeline.java:234)
at java.base/java.util.stream.ReferencePipeline.findFirst(ReferencePipeline.java:647)
at org.openqa.selenium.remote.ProtocolHandshake.createSession(ProtocolHandshake.java:128)
at org.openqa.selenium.remote.ProtocolHandshake.createSession(ProtocolHandshake.java:74)
at org.openqa.selenium.remote.HttpCommandExecutor.execute(HttpCommandExecutor.java:136)
at org.openqa.selenium.remote.service.DriverCommandExecutor.execute(DriverCommandExecutor.java:83)
at org.openqa.selenium.remote.RemoteWebDriver.execute(RemoteWebDriver.java:552)
at org.openqa.selenium.remote.RemoteWebDriver.startSession(RemoteWebDriver.java:213)
at org.openqa.selenium.remote.RemoteWebDriver.<init>(RemoteWebDriver.java:131)
at org.openqa.selenium.chrome.ChromeDriver.<init>(ChromeDriver.java:181)
at org.openqa.selenium.chrome.ChromeDriver.<init>(ChromeDriver.java:168)
at org.openqa.selenium.chrome.ChromeDriver.<init>(ChromeDriver.java:123)
at Com.SaouceDemo.TestClass.TestBaseClass.setup(TestBaseClass.java:31)
at java.base/java.util.ArrayList.forEach(ArrayList.java:1511)
... Removed 36 stack frames]]>
    </failure>
  </testcase> <!-- @BeforeMethod setup -->
  <testcase classname="Com.SaouceDemo.TestClass.TestBaseClass" name="@AfterMethod tearDown" time="-1.654077020627E9">
    <skipped/>
  </testcase> <!-- @AfterMethod tearDown -->
  <testcase classname="Com.SaouceDemo.TestClass.TestBaseClass" name="@BeforeMethod setup" time="1.08">
    <failure type="org.openqa.selenium.SessionNotCreatedException" message="session not created: This version of ChromeDriver only supports Chrome version 100
Current browser version is 102.0.5005.63 with binary path C:\Program Files (x86)\Google\Chrome\Application\chrome.exe
Build info: version: &amp;apos;3.141.59&amp;apos;, revision: &amp;apos;e82be7d358&amp;apos;, time: &amp;apos;2018-11-14T08:17:03&amp;apos;
System info: host: &amp;apos;DESKTOP-V0E91U8&amp;apos;, ip: &amp;apos;192.168.1.9&amp;apos;, os.name: &amp;apos;Windows 10&amp;apos;, os.arch: &amp;apos;amd64&amp;apos;, os.version: &amp;apos;10.0&amp;apos;, java.version: &amp;apos;17.0.2&amp;apos;
Driver info: driver.version: ChromeDriver
remote stacktrace: Backtrace:
	Ordinal0 [0x00DC7413+2389011]
	Ordinal0 [0x00D59F61+1941345]
	Ordinal0 [0x00C4C658+837208]
	Ordinal0 [0x00C6C773+968563]
	Ordinal0 [0x00C6837A+951162]
	Ordinal0 [0x00C65C51+941137]
	Ordinal0 [0x00C98C80+1150080]
	Ordinal0 [0x00C988DA+1149146]
	Ordinal0 [0x00C93F66+1130342]
	Ordinal0 [0x00C6E546+976198]
	Ordinal0 [0x00C6F456+980054]
	GetHandleVerifier [0x00F79632+1727522]
	GetHandleVerifier [0x0102BA4D+2457661]
	GetHandleVerifier [0x00E5EB81+569713]
	GetHandleVerifier [0x00E5DD76+566118]
	Ordinal0 [0x00D60B2B+1968939]
	Ordinal0 [0x00D65988+1989000]
	Ordinal0 [0x00D65A75+1989237]
	Ordinal0 [0x00D6ECB1+2026673]
	BaseThreadInitThunk [0x76C3FA29+25]
	RtlGetAppContainerNamedObjectPath [0x776B7A7E+286]
	RtlGetAppContainerNamedObjectPath [0x776B7A4E+238]
">
      <![CDATA[org.openqa.selenium.SessionNotCreatedException: session not created: This version of ChromeDriver only supports Chrome version 100
Current browser version is 102.0.5005.63 with binary path C:\Program Files (x86)\Google\Chrome\Application\chrome.exe
Build info: version: '3.141.59', revision: 'e82be7d358', time: '2018-11-14T08:17:03'
System info: host: 'DESKTOP-V0E91U8', ip: '192.168.1.9', os.name: 'Windows 10', os.arch: 'amd64', os.version: '10.0', java.version: '17.0.2'
Driver info: driver.version: ChromeDriver
remote stacktrace: Backtrace:
Ordinal0 [0x00DC7413+2389011]
Ordinal0 [0x00D59F61+1941345]
Ordinal0 [0x00C4C658+837208]
Ordinal0 [0x00C6C773+968563]
Ordinal0 [0x00C6837A+951162]
Ordinal0 [0x00C65C51+941137]
Ordinal0 [0x00C98C80+1150080]
Ordinal0 [0x00C988DA+1149146]
Ordinal0 [0x00C93F66+1130342]
Ordinal0 [0x00C6E546+976198]
Ordinal0 [0x00C6F456+980054]
GetHandleVerifier [0x00F79632+1727522]
GetHandleVerifier [0x0102BA4D+2457661]
GetHandleVerifier [0x00E5EB81+569713]
GetHandleVerifier [0x00E5DD76+566118]
Ordinal0 [0x00D60B2B+1968939]
Ordinal0 [0x00D65988+1989000]
Ordinal0 [0x00D65A75+1989237]
Ordinal0 [0x00D6ECB1+2026673]
BaseThreadInitThunk [0x76C3FA29+25]
RtlGetAppContainerNamedObjectPath [0x776B7A7E+286]
RtlGetAppContainerNamedObjectPath [0x776B7A4E+238]

at org.openqa.selenium.remote.W3CHandshakeResponse.lambda$errorHandler$0(W3CHandshakeResponse.java:62)
at org.openqa.selenium.remote.HandshakeResponse.lambda$getResponseFunction$0(HandshakeResponse.java:30)
at org.openqa.selenium.remote.ProtocolHandshake.lambda$createSession$0(ProtocolHandshake.java:126)
at java.base/java.util.stream.ReferencePipeline$3$1.accept(ReferencePipeline.java:197)
at java.base/java.util.Spliterators$ArraySpliterator.tryAdvance(Spliterators.java:1002)
at java.base/java.util.stream.ReferencePipeline.forEachWithCancel(ReferencePipeline.java:129)
at java.base/java.util.stream.AbstractPipeline.copyIntoWithCancel(AbstractPipeline.java:527)
at java.base/java.util.stream.AbstractPipeline.copyInto(AbstractPipeline.java:513)
at java.base/java.util.stream.AbstractPipeline.wrapAndCopyInto(AbstractPipeline.java:499)
at java.base/java.util.stream.FindOps$FindOp.evaluateSequential(FindOps.java:150)
at java.base/java.util.stream.AbstractPipeline.evaluate(AbstractPipeline.java:234)
at java.base/java.util.stream.ReferencePipeline.findFirst(ReferencePipeline.java:647)
at org.openqa.selenium.remote.ProtocolHandshake.createSession(ProtocolHandshake.java:128)
at org.openqa.selenium.remote.ProtocolHandshake.createSession(ProtocolHandshake.java:74)
at org.openqa.selenium.remote.HttpCommandExecutor.execute(HttpCommandExecutor.java:136)
at org.openqa.selenium.remote.service.DriverCommandExecutor.execute(DriverCommandExecutor.java:83)
at org.openqa.selenium.remote.RemoteWebDriver.execute(RemoteWebDriver.java:552)
at org.openqa.selenium.remote.RemoteWebDriver.startSession(RemoteWebDriver.java:213)
at org.openqa.selenium.remote.RemoteWebDriver.<init>(RemoteWebDriver.java:131)
at org.openqa.selenium.chrome.ChromeDriver.<init>(ChromeDriver.java:181)
at org.openqa.selenium.chrome.ChromeDriver.<init>(ChromeDriver.java:168)
at org.openqa.selenium.chrome.ChromeDriver.<init>(ChromeDriver.java:123)
at Com.SaouceDemo.TestClass.TestBaseClass.setup(TestBaseClass.java:31)
at java.base/java.util.ArrayList.forEach(ArrayList.java:1511)
... Removed 36 stack frames]]>
    </failure>
  </testcase> <!-- @BeforeMethod setup -->
  <testcase classname="Com.SaouceDemo.TestClass.TestBaseClass" name="@AfterMethod tearDown" time="-1.654077021724E9">
    <skipped/>
  </testcase> <!-- @AfterMethod tearDown -->
  <testcase classname="Com.SaouceDemo.TestClass.TestBaseClass" name="@BeforeMethod setup" time="1.271">
    <failure type="org.openqa.selenium.SessionNotCreatedException" message="session not created: This version of ChromeDriver only supports Chrome version 100
Current browser version is 102.0.5005.63 with binary path C:\Program Files (x86)\Google\Chrome\Application\chrome.exe
Build info: version: &amp;apos;3.141.59&amp;apos;, revision: &amp;apos;e82be7d358&amp;apos;, time: &amp;apos;2018-11-14T08:17:03&amp;apos;
System info: host: &amp;apos;DESKTOP-V0E91U8&amp;apos;, ip: &amp;apos;192.168.1.9&amp;apos;, os.name: &amp;apos;Windows 10&amp;apos;, os.arch: &amp;apos;amd64&amp;apos;, os.version: &amp;apos;10.0&amp;apos;, java.version: &amp;apos;17.0.2&amp;apos;
Driver info: driver.version: ChromeDriver
remote stacktrace: Backtrace:
	Ordinal0 [0x00DC7413+2389011]
	Ordinal0 [0x00D59F61+1941345]
	Ordinal0 [0x00C4C658+837208]
	Ordinal0 [0x00C6C773+968563]
	Ordinal0 [0x00C6837A+951162]
	Ordinal0 [0x00C65C51+941137]
	Ordinal0 [0x00C98C80+1150080]
	Ordinal0 [0x00C988DA+1149146]
	Ordinal0 [0x00C93F66+1130342]
	Ordinal0 [0x00C6E546+976198]
	Ordinal0 [0x00C6F456+980054]
	GetHandleVerifier [0x00F79632+1727522]
	GetHandleVerifier [0x0102BA4D+2457661]
	GetHandleVerifier [0x00E5EB81+569713]
	GetHandleVerifier [0x00E5DD76+566118]
	Ordinal0 [0x00D60B2B+1968939]
	Ordinal0 [0x00D65988+1989000]
	Ordinal0 [0x00D65A75+1989237]
	Ordinal0 [0x00D6ECB1+2026673]
	BaseThreadInitThunk [0x76C3FA29+25]
	RtlGetAppContainerNamedObjectPath [0x776B7A7E+286]
	RtlGetAppContainerNamedObjectPath [0x776B7A4E+238]
">
      <![CDATA[org.openqa.selenium.SessionNotCreatedException: session not created: This version of ChromeDriver only supports Chrome version 100
Current browser version is 102.0.5005.63 with binary path C:\Program Files (x86)\Google\Chrome\Application\chrome.exe
Build info: version: '3.141.59', revision: 'e82be7d358', time: '2018-11-14T08:17:03'
System info: host: 'DESKTOP-V0E91U8', ip: '192.168.1.9', os.name: 'Windows 10', os.arch: 'amd64', os.version: '10.0', java.version: '17.0.2'
Driver info: driver.version: ChromeDriver
remote stacktrace: Backtrace:
Ordinal0 [0x00DC7413+2389011]
Ordinal0 [0x00D59F61+1941345]
Ordinal0 [0x00C4C658+837208]
Ordinal0 [0x00C6C773+968563]
Ordinal0 [0x00C6837A+951162]
Ordinal0 [0x00C65C51+941137]
Ordinal0 [0x00C98C80+1150080]
Ordinal0 [0x00C988DA+1149146]
Ordinal0 [0x00C93F66+1130342]
Ordinal0 [0x00C6E546+976198]
Ordinal0 [0x00C6F456+980054]
GetHandleVerifier [0x00F79632+1727522]
GetHandleVerifier [0x0102BA4D+2457661]
GetHandleVerifier [0x00E5EB81+569713]
GetHandleVerifier [0x00E5DD76+566118]
Ordinal0 [0x00D60B2B+1968939]
Ordinal0 [0x00D65988+1989000]
Ordinal0 [0x00D65A75+1989237]
Ordinal0 [0x00D6ECB1+2026673]
BaseThreadInitThunk [0x76C3FA29+25]
RtlGetAppContainerNamedObjectPath [0x776B7A7E+286]
RtlGetAppContainerNamedObjectPath [0x776B7A4E+238]

at org.openqa.selenium.remote.W3CHandshakeResponse.lambda$errorHandler$0(W3CHandshakeResponse.java:62)
at org.openqa.selenium.remote.HandshakeResponse.lambda$getResponseFunction$0(HandshakeResponse.java:30)
at org.openqa.selenium.remote.ProtocolHandshake.lambda$createSession$0(ProtocolHandshake.java:126)
at java.base/java.util.stream.ReferencePipeline$3$1.accept(ReferencePipeline.java:197)
at java.base/java.util.Spliterators$ArraySpliterator.tryAdvance(Spliterators.java:1002)
at java.base/java.util.stream.ReferencePipeline.forEachWithCancel(ReferencePipeline.java:129)
at java.base/java.util.stream.AbstractPipeline.copyIntoWithCancel(AbstractPipeline.java:527)
at java.base/java.util.stream.AbstractPipeline.copyInto(AbstractPipeline.java:513)
at java.base/java.util.stream.AbstractPipeline.wrapAndCopyInto(AbstractPipeline.java:499)
at java.base/java.util.stream.FindOps$FindOp.evaluateSequential(FindOps.java:150)
at java.base/java.util.stream.AbstractPipeline.evaluate(AbstractPipeline.java:234)
at java.base/java.util.stream.ReferencePipeline.findFirst(ReferencePipeline.java:647)
at org.openqa.selenium.remote.ProtocolHandshake.createSession(ProtocolHandshake.java:128)
at org.openqa.selenium.remote.ProtocolHandshake.createSession(ProtocolHandshake.java:74)
at org.openqa.selenium.remote.HttpCommandExecutor.execute(HttpCommandExecutor.java:136)
at org.openqa.selenium.remote.service.DriverCommandExecutor.execute(DriverCommandExecutor.java:83)
at org.openqa.selenium.remote.RemoteWebDriver.execute(RemoteWebDriver.java:552)
at org.openqa.selenium.remote.RemoteWebDriver.startSession(RemoteWebDriver.java:213)
at org.openqa.selenium.remote.RemoteWebDriver.<init>(RemoteWebDriver.java:131)
at org.openqa.selenium.chrome.ChromeDriver.<init>(ChromeDriver.java:181)
at org.openqa.selenium.chrome.ChromeDriver.<init>(ChromeDriver.java:168)
at org.openqa.selenium.chrome.ChromeDriver.<init>(ChromeDriver.java:123)
at Com.SaouceDemo.TestClass.TestBaseClass.setup(TestBaseClass.java:31)
at java.base/java.util.ArrayList.forEach(ArrayList.java:1511)
... Removed 36 stack frames]]>
    </failure>
  </testcase> <!-- @BeforeMethod setup -->
  <testcase classname="Com.SaouceDemo.TestClass.TestBaseClass" name="@AfterMethod tearDown" time="-1.654077023001E9">
    <skipped/>
  </testcase> <!-- @AfterMethod tearDown -->
  <testcase classname="Com.SaouceDemo.TestClass.TestBaseClass" name="@BeforeMethod setup" time="1.137">
    <failure type="org.openqa.selenium.SessionNotCreatedException" message="session not created: This version of ChromeDriver only supports Chrome version 100
Current browser version is 102.0.5005.63 with binary path C:\Program Files (x86)\Google\Chrome\Application\chrome.exe
Build info: version: &amp;apos;3.141.59&amp;apos;, revision: &amp;apos;e82be7d358&amp;apos;, time: &amp;apos;2018-11-14T08:17:03&amp;apos;
System info: host: &amp;apos;DESKTOP-V0E91U8&amp;apos;, ip: &amp;apos;192.168.1.9&amp;apos;, os.name: &amp;apos;Windows 10&amp;apos;, os.arch: &amp;apos;amd64&amp;apos;, os.version: &amp;apos;10.0&amp;apos;, java.version: &amp;apos;17.0.2&amp;apos;
Driver info: driver.version: ChromeDriver
remote stacktrace: Backtrace:
	Ordinal0 [0x00DC7413+2389011]
	Ordinal0 [0x00D59F61+1941345]
	Ordinal0 [0x00C4C658+837208]
	Ordinal0 [0x00C6C773+968563]
	Ordinal0 [0x00C6837A+951162]
	Ordinal0 [0x00C65C51+941137]
	Ordinal0 [0x00C98C80+1150080]
	Ordinal0 [0x00C988DA+1149146]
	Ordinal0 [0x00C93F66+1130342]
	Ordinal0 [0x00C6E546+976198]
	Ordinal0 [0x00C6F456+980054]
	GetHandleVerifier [0x00F79632+1727522]
	GetHandleVerifier [0x0102BA4D+2457661]
	GetHandleVerifier [0x00E5EB81+569713]
	GetHandleVerifier [0x00E5DD76+566118]
	Ordinal0 [0x00D60B2B+1968939]
	Ordinal0 [0x00D65988+1989000]
	Ordinal0 [0x00D65A75+1989237]
	Ordinal0 [0x00D6ECB1+2026673]
	BaseThreadInitThunk [0x76C3FA29+25]
	RtlGetAppContainerNamedObjectPath [0x776B7A7E+286]
	RtlGetAppContainerNamedObjectPath [0x776B7A4E+238]
">
      <![CDATA[org.openqa.selenium.SessionNotCreatedException: session not created: This version of ChromeDriver only supports Chrome version 100
Current browser version is 102.0.5005.63 with binary path C:\Program Files (x86)\Google\Chrome\Application\chrome.exe
Build info: version: '3.141.59', revision: 'e82be7d358', time: '2018-11-14T08:17:03'
System info: host: 'DESKTOP-V0E91U8', ip: '192.168.1.9', os.name: 'Windows 10', os.arch: 'amd64', os.version: '10.0', java.version: '17.0.2'
Driver info: driver.version: ChromeDriver
remote stacktrace: Backtrace:
Ordinal0 [0x00DC7413+2389011]
Ordinal0 [0x00D59F61+1941345]
Ordinal0 [0x00C4C658+837208]
Ordinal0 [0x00C6C773+968563]
Ordinal0 [0x00C6837A+951162]
Ordinal0 [0x00C65C51+941137]
Ordinal0 [0x00C98C80+1150080]
Ordinal0 [0x00C988DA+1149146]
Ordinal0 [0x00C93F66+1130342]
Ordinal0 [0x00C6E546+976198]
Ordinal0 [0x00C6F456+980054]
GetHandleVerifier [0x00F79632+1727522]
GetHandleVerifier [0x0102BA4D+2457661]
GetHandleVerifier [0x00E5EB81+569713]
GetHandleVerifier [0x00E5DD76+566118]
Ordinal0 [0x00D60B2B+1968939]
Ordinal0 [0x00D65988+1989000]
Ordinal0 [0x00D65A75+1989237]
Ordinal0 [0x00D6ECB1+2026673]
BaseThreadInitThunk [0x76C3FA29+25]
RtlGetAppContainerNamedObjectPath [0x776B7A7E+286]
RtlGetAppContainerNamedObjectPath [0x776B7A4E+238]

at org.openqa.selenium.remote.W3CHandshakeResponse.lambda$errorHandler$0(W3CHandshakeResponse.java:62)
at org.openqa.selenium.remote.HandshakeResponse.lambda$getResponseFunction$0(HandshakeResponse.java:30)
at org.openqa.selenium.remote.ProtocolHandshake.lambda$createSession$0(ProtocolHandshake.java:126)
at java.base/java.util.stream.ReferencePipeline$3$1.accept(ReferencePipeline.java:197)
at java.base/java.util.Spliterators$ArraySpliterator.tryAdvance(Spliterators.java:1002)
at java.base/java.util.stream.ReferencePipeline.forEachWithCancel(ReferencePipeline.java:129)
at java.base/java.util.stream.AbstractPipeline.copyIntoWithCancel(AbstractPipeline.java:527)
at java.base/java.util.stream.AbstractPipeline.copyInto(AbstractPipeline.java:513)
at java.base/java.util.stream.AbstractPipeline.wrapAndCopyInto(AbstractPipeline.java:499)
at java.base/java.util.stream.FindOps$FindOp.evaluateSequential(FindOps.java:150)
at java.base/java.util.stream.AbstractPipeline.evaluate(AbstractPipeline.java:234)
at java.base/java.util.stream.ReferencePipeline.findFirst(ReferencePipeline.java:647)
at org.openqa.selenium.remote.ProtocolHandshake.createSession(ProtocolHandshake.java:128)
at org.openqa.selenium.remote.ProtocolHandshake.createSession(ProtocolHandshake.java:74)
at org.openqa.selenium.remote.HttpCommandExecutor.execute(HttpCommandExecutor.java:136)
at org.openqa.selenium.remote.service.DriverCommandExecutor.execute(DriverCommandExecutor.java:83)
at org.openqa.selenium.remote.RemoteWebDriver.execute(RemoteWebDriver.java:552)
at org.openqa.selenium.remote.RemoteWebDriver.startSession(RemoteWebDriver.java:213)
at org.openqa.selenium.remote.RemoteWebDriver.<init>(RemoteWebDriver.java:131)
at org.openqa.selenium.chrome.ChromeDriver.<init>(ChromeDriver.java:181)
at org.openqa.selenium.chrome.ChromeDriver.<init>(ChromeDriver.java:168)
at org.openqa.selenium.chrome.ChromeDriver.<init>(ChromeDriver.java:123)
at Com.SaouceDemo.TestClass.TestBaseClass.setup(TestBaseClass.java:31)
at java.base/java.util.ArrayList.forEach(ArrayList.java:1511)
... Removed 36 stack frames]]>
    </failure>
  </testcase> <!-- @BeforeMethod setup -->
  <testcase classname="Com.SaouceDemo.TestClass.TestBaseClass" name="@AfterMethod tearDown" time="-1.654077024144E9">
    <skipped/>
  </testcase> <!-- @AfterMethod tearDown -->
  <testcase classname="Com.SaouceDemo.TestClass.TestBaseClass" name="@BeforeMethod setup" time="0.984">
    <failure type="org.openqa.selenium.SessionNotCreatedException" message="session not created: This version of ChromeDriver only supports Chrome version 100
Current browser version is 102.0.5005.63 with binary path C:\Program Files (x86)\Google\Chrome\Application\chrome.exe
Build info: version: &amp;apos;3.141.59&amp;apos;, revision: &amp;apos;e82be7d358&amp;apos;, time: &amp;apos;2018-11-14T08:17:03&amp;apos;
System info: host: &amp;apos;DESKTOP-V0E91U8&amp;apos;, ip: &amp;apos;192.168.1.9&amp;apos;, os.name: &amp;apos;Windows 10&amp;apos;, os.arch: &amp;apos;amd64&amp;apos;, os.version: &amp;apos;10.0&amp;apos;, java.version: &amp;apos;17.0.2&amp;apos;
Driver info: driver.version: ChromeDriver
remote stacktrace: Backtrace:
	Ordinal0 [0x00DC7413+2389011]
	Ordinal0 [0x00D59F61+1941345]
	Ordinal0 [0x00C4C658+837208]
	Ordinal0 [0x00C6C773+968563]
	Ordinal0 [0x00C6837A+951162]
	Ordinal0 [0x00C65C51+941137]
	Ordinal0 [0x00C98C80+1150080]
	Ordinal0 [0x00C988DA+1149146]
	Ordinal0 [0x00C93F66+1130342]
	Ordinal0 [0x00C6E546+976198]
	Ordinal0 [0x00C6F456+980054]
	GetHandleVerifier [0x00F79632+1727522]
	GetHandleVerifier [0x0102BA4D+2457661]
	GetHandleVerifier [0x00E5EB81+569713]
	GetHandleVerifier [0x00E5DD76+566118]
	Ordinal0 [0x00D60B2B+1968939]
	Ordinal0 [0x00D65988+1989000]
	Ordinal0 [0x00D65A75+1989237]
	Ordinal0 [0x00D6ECB1+2026673]
	BaseThreadInitThunk [0x76C3FA29+25]
	RtlGetAppContainerNamedObjectPath [0x776B7A7E+286]
	RtlGetAppContainerNamedObjectPath [0x776B7A4E+238]
">
      <![CDATA[org.openqa.selenium.SessionNotCreatedException: session not created: This version of ChromeDriver only supports Chrome version 100
Current browser version is 102.0.5005.63 with binary path C:\Program Files (x86)\Google\Chrome\Application\chrome.exe
Build info: version: '3.141.59', revision: 'e82be7d358', time: '2018-11-14T08:17:03'
System info: host: 'DESKTOP-V0E91U8', ip: '192.168.1.9', os.name: 'Windows 10', os.arch: 'amd64', os.version: '10.0', java.version: '17.0.2'
Driver info: driver.version: ChromeDriver
remote stacktrace: Backtrace:
Ordinal0 [0x00DC7413+2389011]
Ordinal0 [0x00D59F61+1941345]
Ordinal0 [0x00C4C658+837208]
Ordinal0 [0x00C6C773+968563]
Ordinal0 [0x00C6837A+951162]
Ordinal0 [0x00C65C51+941137]
Ordinal0 [0x00C98C80+1150080]
Ordinal0 [0x00C988DA+1149146]
Ordinal0 [0x00C93F66+1130342]
Ordinal0 [0x00C6E546+976198]
Ordinal0 [0x00C6F456+980054]
GetHandleVerifier [0x00F79632+1727522]
GetHandleVerifier [0x0102BA4D+2457661]
GetHandleVerifier [0x00E5EB81+569713]
GetHandleVerifier [0x00E5DD76+566118]
Ordinal0 [0x00D60B2B+1968939]
Ordinal0 [0x00D65988+1989000]
Ordinal0 [0x00D65A75+1989237]
Ordinal0 [0x00D6ECB1+2026673]
BaseThreadInitThunk [0x76C3FA29+25]
RtlGetAppContainerNamedObjectPath [0x776B7A7E+286]
RtlGetAppContainerNamedObjectPath [0x776B7A4E+238]

at org.openqa.selenium.remote.W3CHandshakeResponse.lambda$errorHandler$0(W3CHandshakeResponse.java:62)
at org.openqa.selenium.remote.HandshakeResponse.lambda$getResponseFunction$0(HandshakeResponse.java:30)
at org.openqa.selenium.remote.ProtocolHandshake.lambda$createSession$0(ProtocolHandshake.java:126)
at java.base/java.util.stream.ReferencePipeline$3$1.accept(ReferencePipeline.java:197)
at java.base/java.util.Spliterators$ArraySpliterator.tryAdvance(Spliterators.java:1002)
at java.base/java.util.stream.ReferencePipeline.forEachWithCancel(ReferencePipeline.java:129)
at java.base/java.util.stream.AbstractPipeline.copyIntoWithCancel(AbstractPipeline.java:527)
at java.base/java.util.stream.AbstractPipeline.copyInto(AbstractPipeline.java:513)
at java.base/java.util.stream.AbstractPipeline.wrapAndCopyInto(AbstractPipeline.java:499)
at java.base/java.util.stream.FindOps$FindOp.evaluateSequential(FindOps.java:150)
at java.base/java.util.stream.AbstractPipeline.evaluate(AbstractPipeline.java:234)
at java.base/java.util.stream.ReferencePipeline.findFirst(ReferencePipeline.java:647)
at org.openqa.selenium.remote.ProtocolHandshake.createSession(ProtocolHandshake.java:128)
at org.openqa.selenium.remote.ProtocolHandshake.createSession(ProtocolHandshake.java:74)
at org.openqa.selenium.remote.HttpCommandExecutor.execute(HttpCommandExecutor.java:136)
at org.openqa.selenium.remote.service.DriverCommandExecutor.execute(DriverCommandExecutor.java:83)
at org.openqa.selenium.remote.RemoteWebDriver.execute(RemoteWebDriver.java:552)
at org.openqa.selenium.remote.RemoteWebDriver.startSession(RemoteWebDriver.java:213)
at org.openqa.selenium.remote.RemoteWebDriver.<init>(RemoteWebDriver.java:131)
at org.openqa.selenium.chrome.ChromeDriver.<init>(ChromeDriver.java:181)
at org.openqa.selenium.chrome.ChromeDriver.<init>(ChromeDriver.java:168)
at org.openqa.selenium.chrome.ChromeDriver.<init>(ChromeDriver.java:123)
at Com.SaouceDemo.TestClass.TestBaseClass.setup(TestBaseClass.java:31)
at java.base/java.util.ArrayList.forEach(ArrayList.java:1511)
... Removed 36 stack frames]]>
    </failure>
  </testcase> <!-- @BeforeMethod setup -->
  <testcase classname="Com.SaouceDemo.TestClass.TestBaseClass" name="@AfterMethod tearDown" time="-1.654077025136E9">
    <skipped/>
  </testcase> <!-- @AfterMethod tearDown -->
  <testcase classname="Com.SaouceDemo.TestClass.TC04_ProceedToCheckOut" name="PersonalInfoAdd" time="0.0">
    <skipped/>
  </testcase> <!-- PersonalInfoAdd -->
  <testcase classname="Com.SaouceDemo.TestClass.TC01_LoginPage_FunctionalityCheck" name="loginFunctinality" time="0.0">
    <skipped/>
  </testcase> <!-- loginFunctinality -->
  <testcase classname="Com.SaouceDemo.TestClass.TC03_ProductAddToCart" name="productaddToCart" time="0.0">
    <skipped/>
  </testcase> <!-- productaddToCart -->
  <testcase classname="Com.SaouceDemo.TestClass.TC005_addPersonalInfo" name="personalInfoAdd" time="0.0">
    <skipped/>
  </testcase> <!-- personalInfoAdd -->
  <testcase classname="Com.SaouceDemo.TestClass.TC02_logoutfunc" name="logoutFuncatinality" time="0.0">
    <skipped/>
  </testcase> <!-- logoutFuncatinality -->
</testsuite> <!-- Test -->
